<?xml version="1.0" encoding="UTF-8"?>
<!-- Generated by org.testng.reporters.JUnitXMLReporter -->
<testsuite ignored="3" hostname="DESKTOP-MJ9MOU3" failures="0" tests="1" name="SmokeTest" time="0.078" errors="0" timestamp="2025-02-21T12:31:41 IST">
  <testcase classname="Pac2.OrgTest" name="modifyOrgTest" time="0.012"/>
  <testcase classname="Pac2.OrgTest" name="createOrgTest" time="0.0">
    <ignored/>
  </testcase> <!-- createOrgTest -->
  <testcase classname="Pac1.ContactTest" name="modifyContactTest" time="0.0">
    <ignored/>
  </testcase> <!-- modifyContactTest -->
  <testcase classname="Pac1.ContactTest" name="createContactTest" time="0.0">
    <ignored/>
  </testcase> <!-- createContactTest -->
</testsuite> <!-- SmokeTest -->
