<?xml version="1.0" encoding="UTF-8"?>
<testng-results ignored="0" total="1" passed="1" failed="0" skipped="0">
  <reporter-output>
  </reporter-output>
  <suite started-at="2025-02-21T12:31:41 IST" name="Suite" finished-at="2025-02-21T12:31:41 IST" duration-ms="78">
    <groups>
      <group name="smokeTest">
        <method signature="OrgTest.modifyOrgTest()[pri:0, instance:Pac2.OrgTest@233795b6]" name="modifyOrgTest" class="Pac2.OrgTest"/>
      </group> <!-- smokeTest -->
    </groups>
    <test started-at="2025-02-21T12:31:41 IST" name="SmokeTest" finished-at="2025-02-21T12:31:41 IST" duration-ms="78">
      <class name="Pac2.OrgTest">
        <test-method signature="modifyOrgTest()[pri:0, instance:Pac2.OrgTest@233795b6]" started-at="2025-02-21T12:31:41 IST" name="modifyOrgTest" finished-at="2025-02-21T12:31:41 IST" duration-ms="12" status="PASS">
          <reporter-output>
          </reporter-output>
        </test-method> <!-- modifyOrgTest -->
      </class> <!-- Pac2.OrgTest -->
    </test> <!-- SmokeTest -->
  </suite> <!-- Suite -->
</testng-results>
