<?xml version="1.0" encoding="UTF-8"?>
<!-- Generated by org.testng.reporters.JUnitXMLReporter -->
<testsuite ignored="0" hostname="HAQUE2531" failures="0" tests="1" name="Test" time="0.075" errors="0" timestamp="2025-02-10T17:27:24 IST">
  <testcase classname="com.Vtiger.BaseClassUtility.BaseClassUtility" name="@BeforeSuite beforeClass" time="0.012">
    <failure type="java.io.FileNotFoundException" message=".\ConfigDataCommonDataVtiger.properties (The system cannot find the file specified)">
      <![CDATA[java.io.FileNotFoundException: .\ConfigDataCommonDataVtiger.properties (The system cannot find the file specified)
at java.base/java.io.FileInputStream.open0(Native Method)
at java.base/java.io.FileInputStream.open(FileInputStream.java:213)
at java.base/java.io.FileInputStream.<init>(FileInputStream.java:152)
at java.base/java.io.FileInputStream.<init>(FileInputStream.java:106)
at com.Vtiger.OrgModule.Utilities.FileUtility.getDataFromProperties(FileUtility.java:14)
at com.Vtiger.BaseClassUtility.BaseClassUtility.beforeClass(BaseClassUtility.java:37)
... Removed 17 stack frames]]>
    </failure>
  </testcase> <!-- @BeforeSuite beforeClass -->
  <testcase classname="com.Vtiger.BaseClassUtility.BaseClassUtility" name="@BeforeClass beforeClass" time="0.0">
    <skipped/>
  </testcase> <!-- @BeforeClass beforeClass -->
  <testcase classname="com.Vtiger.BaseClassUtility.BaseClassUtility" name="@BeforeMethod beforeMethod" time="0.0">
    <skipped/>
  </testcase> <!-- @BeforeMethod beforeMethod -->
  <testcase classname="com.Vtiger.BaseClassUtility.BaseClassUtility" name="@AfterMethod afterMethod" time="0.0">
    <skipped/>
  </testcase> <!-- @AfterMethod afterMethod -->
  <testcase classname="com.Vtiger.BaseClassUtility.BaseClassUtility" name="@AfterClass afterClass" time="0.0">
    <skipped/>
  </testcase> <!-- @AfterClass afterClass -->
  <testcase classname="samplePackage.CreateOrgTest" name="createOrgTest" time="0.0">
    <skipped/>
  </testcase> <!-- createOrgTest -->
</testsuite> <!-- Test -->
