<?xml version="1.0" encoding="UTF-8"?>
<testng-results ignored="0" total="1" passed="1" failed="0" skipped="0">
  <reporter-output>
  </reporter-output>
  <suite started-at="2025-02-18T16:25:25 IST" name="Default suite" finished-at="2025-02-18T16:25:25 IST" duration-ms="68">
    <groups>
    </groups>
    <test started-at="2025-02-18T16:25:25 IST" name="Default test" finished-at="2025-02-18T16:25:25 IST" duration-ms="68">
      <class name="samplePackage.Sample123">
        <test-method signature="SampleTest()[pri:0, instance:samplePackage.Sample123@3349e9bb]" started-at="2025-02-18T16:25:25 IST" name="SampleTest" finished-at="2025-02-18T16:25:25 IST" duration-ms="12" status="PASS">
          <reporter-output>
          </reporter-output>
        </test-method> <!-- SampleTest -->
      </class> <!-- samplePackage.Sample123 -->
    </test> <!-- Default test -->
  </suite> <!-- Default suite -->
</testng-results>
