<?xml version="1.0" encoding="UTF-8"?>
<!-- Generated by org.testng.reporters.JUnitXMLReporter -->
<testsuite ignored="0" hostname="HAQUE2531" failures="0" tests="1" name="Default test" time="0.143" errors="0" timestamp="2025-02-12T12:46:41 IST">
  <testcase classname="com.Vtiger.BaseClassUtility.BaseClassUtility" name="@BeforeSuite beforeClass" time="0.027">
    <failure type="java.io.FileNotFoundException" message="C:\Users\afzau\git\repository\VtigerApp\ConfigureApp\commondataforVtigerApp.properties (The system cannot find the file specified)">
      <![CDATA[java.io.FileNotFoundException: C:\Users\afzau\git\repository\VtigerApp\ConfigureApp\commondataforVtigerApp.properties (The system cannot find the file specified)
at java.base/java.io.FileInputStream.open0(Native Method)
at java.base/java.io.FileInputStream.open(FileInputStream.java:213)
at java.base/java.io.FileInputStream.<init>(FileInputStream.java:152)
at java.base/java.io.FileInputStream.<init>(FileInputStream.java:106)
at com.Vtiger.OrgModule.Utilities.FileUtility.getDataFromProperties(FileUtility.java:14)
at com.Vtiger.BaseClassUtility.BaseClassUtility.beforeClass(BaseClassUtility.java:36)
at java.base/jdk.internal.reflect.DirectMethodHandleAccessor.invoke(DirectMethodHandleAccessor.java:103)
at java.base/java.lang.reflect.Method.invoke(Method.java:580)
at org.testng.internal.invokers.MethodInvocationHelper.invokeMethod(MethodInvocationHelper.java:139)
at org.testng.internal.invokers.MethodInvocationHelper.invokeMethodConsideringTimeout(MethodInvocationHelper.java:69)
at org.testng.internal.invokers.ConfigInvoker.invokeConfigurationMethod(ConfigInvoker.java:361)
at org.testng.internal.invokers.ConfigInvoker.invokeConfigurations(ConfigInvoker.java:296)
at org.testng.SuiteRunner.privateRun(SuiteRunner.java:376)
at org.testng.SuiteRunner.run(SuiteRunner.java:330)
at org.testng.SuiteRunnerWorker.runSuite(SuiteRunnerWorker.java:52)
at org.testng.SuiteRunnerWorker.run(SuiteRunnerWorker.java:95)
at org.testng.TestNG.runSuitesSequentially(TestNG.java:1256)
at org.testng.TestNG.runSuitesLocally(TestNG.java:1176)
at org.testng.TestNG.runSuites(TestNG.java:1099)
at org.testng.TestNG.run(TestNG.java:1067)
at org.testng.remote.AbstractRemoteTestNG.run(AbstractRemoteTestNG.java:115)
at org.testng.remote.RemoteTestNG.initAndRun(RemoteTestNG.java:293)
at org.testng.remote.RemoteTestNG.main(RemoteTestNG.java:91)
]]>
    </failure>
  </testcase> <!-- @BeforeSuite beforeClass -->
  <testcase classname="com.Vtiger.BaseClassUtility.BaseClassUtility" name="@BeforeClass beforeClass" time="0.0">
    <skipped/>
  </testcase> <!-- @BeforeClass beforeClass -->
  <testcase classname="com.Vtiger.BaseClassUtility.BaseClassUtility" name="@BeforeMethod beforeMethod" time="0.0">
    <skipped/>
  </testcase> <!-- @BeforeMethod beforeMethod -->
  <testcase classname="com.Vtiger.BaseClassUtility.BaseClassUtility" name="@AfterMethod afterMethod" time="0.0">
    <skipped/>
  </testcase> <!-- @AfterMethod afterMethod -->
  <testcase classname="com.Vtiger.BaseClassUtility.BaseClassUtility" name="@AfterClass afterClass" time="0.0">
    <skipped/>
  </testcase> <!-- @AfterClass afterClass -->
  <testcase classname="samplePackage.CreateOrgTest" name="createOrgTest" time="0.001">
    <skipped/>
  </testcase> <!-- createOrgTest -->
</testsuite> <!-- Default test -->
